<?xml version="1.0" encoding="UTF-8"?>
<!-- Generated by org.testng.reporters.JUnitXMLReporter -->
<testsuite hostname="priya.bajwa" ignored="0" name="Surefire test" tests="2" failures="1" timestamp="05 Feb 2019 12:30:12 GMT" time="0.037" errors="0">
  <testcase name="arrayListConsecutiveLetters" time="0.01" classname="org.qait.Consecutive.TestNG.AppTest"/>
  <testcase name="arrayListInteger" time="0.001" classname="org.qait.Consecutive.TestNG.AppTest">
    <failure type="java.lang.AssertionError" message="expected [String should contains letters] but found [[112, 1887, 3633]]">
      <![CDATA[java.lang.AssertionError: expected [String should contains letters] but found [[112, 1887, 3633]]
at org.qait.Consecutive.TestNG.AppTest.arrayListInteger(AppTest.java:41)
... Removed 34 stack frames]]>
    </failure>
  </testcase> <!-- arrayListInteger -->
</testsuite> <!-- Surefire test -->
